<?xml version="1.0" encoding="UTF-8"?>
<!-- Generated by org.testng.reporters.JUnitXMLReporter -->
<testsuite ignored="0" hostname="1R-63" failures="1" tests="4" name="Parallel Tests" time="86.071" errors="0" timestamp="2023-03-30T11:49:22 IST">
  <testcase classname="login.Login" name="LoginUserProfile" time="12.454"/>
  <testcase classname="login.Login" name="LoginUserProfile" time="11.67"/>
  <testcase classname="login.Login" name="LoginUserProfile" time="44.496">
    <failure type="java.lang.AssertionError" message="The following asserts failed:
	false And  Not Match expected [] but found [false]">
      <![CDATA[java.lang.AssertionError: The following asserts failed:
false And  Not Match expected [] but found [false]
at testsuitebase.SuiteBase.testResult(SuiteBase.java:240)
at testsuitebase.SuiteBase.exceptionHandle(SuiteBase.java:297)
at login.Login.LoginUserProfile(Login.java:79)
at java.base/java.util.ArrayList.forEach(ArrayList.java:1511)
... Removed 29 stack frames]]>
    </failure>
  </testcase> <!-- LoginUserProfile -->
  <testcase classname="login.Login" name="LoginUserProfile" time="12.117"/>
</testsuite> <!-- Parallel Tests -->
